<?xml version="1.0" encoding="UTF-8"?>
<!-- Generated by org.testng.reporters.JUnitXMLReporter -->
<testsuite ignored="0" hostname="LAPTOP-0CJS58L1" failures="1" tests="11" name="rahul_Test_xml" time="94.238" errors="0" timestamp="2022-08-14T16:57:26 IST">
  <testcase classname="Maven_TestNG.testcase_useallkeyword" name="testcase_3" time="0.01"/>
  <testcase classname="Maven_TestNG.testcase_useallkeyword" name="testcase_amazon" time="18.942"/>
  <testcase classname="Maven_TestNG.testcase_useallkeyword" name="Testcase_fb" time="22.606"/>
  <testcase classname="Maven_TestNG.testcase_useallkeyword" name="Testcase_fb" time="21.353"/>
  <testcase classname="Maven_TestNG.test1" name="test_case1" time="1.605"/>
  <testcase classname="Maven_TestNG.test1" name="test_case2" time="1.402"/>
  <testcase classname="Maven_TestNG.allkeyword_uses" name="testcase_d" time="0.012">
    <failure type="java.lang.AssertionError" message="expected [false] but found [true]">
      <![CDATA[java.lang.AssertionError: expected [false] but found [true]
at Maven_TestNG.allkeyword_uses.testcase_d(allkeyword_uses.java:23)
at java.base/java.util.ArrayList.forEach(ArrayList.java:1511)
... Removed 31 stack frames]]>
    </failure>
  </testcase> <!-- testcase_d -->
  <testcase classname="Maven_TestNG.allkeyword_uses" name="testcase_c" time="0.006"/>
  <testcase classname="Maven_TestNG.allkeyword_uses" name="testcase_B" time="0.0">
    <skipped/>
  </testcase> <!-- testcase_B -->
  <testcase classname="Maven_TestNG.allkeyword_uses" name="testcase_A" time="0.002"/>
  <testcase classname="Maven_TestNG.allkeyword_uses" name="testcase_A" time="0.001"/>
</testsuite> <!-- rahul_Test_xml -->
